OSS_CVC_7.00b-x86_64-rhel6x of 07/07/14 (Linux-elf).
Copyright (c) 1991-2014 Tachyon Design Automation Corp.
  All Rights reserved.  Licensed software subject to prohibitions and
  restrictions.  See OSS CVC artistic license included with release.
Today is Thu Jun  5 15:10:16 2025.
Elaborating source file "/home/rodrialves/MSc/design_runs/acc/runs/RUN_2025-06-04_12-50-06/final/nl/accelerator.nl.v"
Elaborating source file "4num-sum_tb.v"
**/home/rodrialves/.volare/volare/sky130/versions/0fe599b2afb6708d281543108caf8310912f54af/sky130B/libs.ref/sky130_fd_sc_hd/verilog/sky130_fd_sc_hd.v(46809) WARN** [653] $recrem timing check min:typ:max limit expression needs parentheses under 1364 - unportable
**/home/rodrialves/.volare/volare/sky130/versions/0fe599b2afb6708d281543108caf8310912f54af/sky130B/libs.ref/sky130_fd_sc_hd/verilog/sky130_fd_sc_hd.v(46809) WARN** [653] $recrem timing check min:typ:max 2nd limit expression needs parentheses under 1364 - unportable
**/home/rodrialves/.volare/volare/sky130/versions/0fe599b2afb6708d281543108caf8310912f54af/sky130B/libs.ref/sky130_fd_sc_hd/verilog/sky130_fd_sc_hd.v(46810) WARN** [653] $setuphold timing check min:typ:max limit expression needs parentheses under 1364 - unportable
**/home/rodrialves/.volare/volare/sky130/versions/0fe599b2afb6708d281543108caf8310912f54af/sky130B/libs.ref/sky130_fd_sc_hd/verilog/sky130_fd_sc_hd.v(46810) WARN** [653] $setuphold timing check min:typ:max 2nd limit expression needs parentheses under 1364 - unportable
**/home/rodrialves/.volare/volare/sky130/versions/0fe599b2afb6708d281543108caf8310912f54af/sky130B/libs.ref/sky130_fd_sc_hd/verilog/sky130_fd_sc_hd.v(46810) WARN** [3153] $setuphold optional time stamp condition expression cond0 unsupported - ignored
**/home/rodrialves/.volare/volare/sky130/versions/0fe599b2afb6708d281543108caf8310912f54af/sky130B/libs.ref/sky130_fd_sc_hd/verilog/sky130_fd_sc_hd.v(46810) WARN** [3154] $setuphold optional time check condition expression cond0 unsupported - ignored
**/home/rodrialves/.volare/volare/sky130/versions/0fe599b2afb6708d281543108caf8310912f54af/sky130B/libs.ref/sky130_fd_sc_hd/verilog/sky130_fd_sc_hd.v(46810) WARN** [3155] $setuphold optional delayed reference variable CLK_delayed unsupported - ignored
**/home/rodrialves/.volare/volare/sky130/versions/0fe599b2afb6708d281543108caf8310912f54af/sky130B/libs.ref/sky130_fd_sc_hd/verilog/sky130_fd_sc_hd.v(46810) WARN** [3155] $setuphold optional delayed data variable D_delayed unsupported - ignored
**/home/rodrialves/.volare/volare/sky130/versions/0fe599b2afb6708d281543108caf8310912f54af/sky130B/libs.ref/sky130_fd_sc_hd/verilog/sky130_fd_sc_hd.v(46811) WARN** [653] $setuphold timing check min:typ:max limit expression needs parentheses under 1364 - unportable
**/home/rodrialves/.volare/volare/sky130/versions/0fe599b2afb6708d281543108caf8310912f54af/sky130B/libs.ref/sky130_fd_sc_hd/verilog/sky130_fd_sc_hd.v(46811) WARN** [653] $setuphold timing check min:typ:max 2nd limit expression needs parentheses under 1364 - unportable
**/home/rodrialves/.volare/volare/sky130/versions/0fe599b2afb6708d281543108caf8310912f54af/sky130B/libs.ref/sky130_fd_sc_hd/verilog/sky130_fd_sc_hd.v(46811) WARN** [3153] $setuphold optional time stamp condition expression cond0 unsupported - ignored
**/home/rodrialves/.volare/volare/sky130/versions/0fe599b2afb6708d281543108caf8310912f54af/sky130B/libs.ref/sky130_fd_sc_hd/verilog/sky130_fd_sc_hd.v(46811) WARN** [3154] $setuphold optional time check condition expression cond0 unsupported - ignored
**/home/rodrialves/.volare/volare/sky130/versions/0fe599b2afb6708d281543108caf8310912f54af/sky130B/libs.ref/sky130_fd_sc_hd/verilog/sky130_fd_sc_hd.v(46811) WARN** [3155] $setuphold optional delayed reference variable CLK_delayed unsupported - ignored
**/home/rodrialves/.volare/volare/sky130/versions/0fe599b2afb6708d281543108caf8310912f54af/sky130B/libs.ref/sky130_fd_sc_hd/verilog/sky130_fd_sc_hd.v(46811) WARN** [3155] $setuphold optional delayed data variable D_delayed unsupported - ignored
**/home/rodrialves/.volare/volare/sky130/versions/0fe599b2afb6708d281543108caf8310912f54af/sky130B/libs.ref/sky130_fd_sc_hd/verilog/sky130_fd_sc_hd.v(46812) WARN** [653] $width timing check min:typ:max limit expression needs parentheses under 1364 - unportable
**/home/rodrialves/.volare/volare/sky130/versions/0fe599b2afb6708d281543108caf8310912f54af/sky130B/libs.ref/sky130_fd_sc_hd/verilog/sky130_fd_sc_hd.v(46813) WARN** [653] $width timing check min:typ:max limit expression needs parentheses under 1364 - unportable
**/home/rodrialves/.volare/volare/sky130/versions/0fe599b2afb6708d281543108caf8310912f54af/sky130B/libs.ref/sky130_fd_sc_hd/verilog/sky130_fd_sc_hd.v(46814) WARN** [653] $width timing check min:typ:max limit expression needs parentheses under 1364 - unportable
**/home/rodrialves/MSc/design_runs/acc/runs/RUN_2025-06-04_12-50-06/final/nl/accelerator.nl.v(754) WARN** [531] accelerator_50(sky130_fd_sc_hd__conb_1) explicit connection list fewer ports 1 connected than type's 2
**/home/rodrialves/MSc/design_runs/acc/runs/RUN_2025-06-04_12-50-06/final/nl/accelerator.nl.v(755) WARN** [531] accelerator_51(sky130_fd_sc_hd__conb_1) explicit connection list fewer ports 1 connected than type's 2
**/home/rodrialves/MSc/design_runs/acc/runs/RUN_2025-06-04_12-50-06/final/nl/accelerator.nl.v(756) WARN** [531] accelerator_52(sky130_fd_sc_hd__conb_1) explicit connection list fewer ports 1 connected than type's 2
**/home/rodrialves/MSc/design_runs/acc/runs/RUN_2025-06-04_12-50-06/final/nl/accelerator.nl.v(757) WARN** [531] accelerator_53(sky130_fd_sc_hd__conb_1) explicit connection list fewer ports 1 connected than type's 2
**/home/rodrialves/MSc/design_runs/acc/runs/RUN_2025-06-04_12-50-06/final/nl/accelerator.nl.v(758) WARN** [531] accelerator_54(sky130_fd_sc_hd__conb_1) explicit connection list fewer ports 1 connected than type's 2
**/home/rodrialves/MSc/design_runs/acc/runs/RUN_2025-06-04_12-50-06/final/nl/accelerator.nl.v(759) WARN** [531] accelerator_55(sky130_fd_sc_hd__conb_1) explicit connection list fewer ports 1 connected than type's 2
**/home/rodrialves/MSc/design_runs/acc/runs/RUN_2025-06-04_12-50-06/final/nl/accelerator.nl.v(760) WARN** [531] accelerator_56(sky130_fd_sc_hd__conb_1) explicit connection list fewer ports 1 connected than type's 2
**/home/rodrialves/MSc/design_runs/acc/runs/RUN_2025-06-04_12-50-06/final/nl/accelerator.nl.v(761) WARN** [531] accelerator_57(sky130_fd_sc_hd__conb_1) explicit connection list fewer ports 1 connected than type's 2
**/home/rodrialves/MSc/design_runs/acc/runs/RUN_2025-06-04_12-50-06/final/nl/accelerator.nl.v(762) WARN** [531] accelerator_58(sky130_fd_sc_hd__conb_1) explicit connection list fewer ports 1 connected than type's 2
**/home/rodrialves/MSc/design_runs/acc/runs/RUN_2025-06-04_12-50-06/final/nl/accelerator.nl.v(763) WARN** [531] accelerator_59(sky130_fd_sc_hd__conb_1) explicit connection list fewer ports 1 connected than type's 2
**/home/rodrialves/MSc/design_runs/acc/runs/RUN_2025-06-04_12-50-06/final/nl/accelerator.nl.v(764) WARN** [531] accelerator_60(sky130_fd_sc_hd__conb_1) explicit connection list fewer ports 1 connected than type's 2
**/home/rodrialves/MSc/design_runs/acc/runs/RUN_2025-06-04_12-50-06/final/nl/accelerator.nl.v(765) WARN** [531] accelerator_61(sky130_fd_sc_hd__conb_1) explicit connection list fewer ports 1 connected than type's 2
**/home/rodrialves/MSc/design_runs/acc/runs/RUN_2025-06-04_12-50-06/final/nl/accelerator.nl.v(766) WARN** [531] accelerator_62(sky130_fd_sc_hd__conb_1) explicit connection list fewer ports 1 connected than type's 2
**/home/rodrialves/MSc/design_runs/acc/runs/RUN_2025-06-04_12-50-06/final/nl/accelerator.nl.v(767) WARN** [531] accelerator_63(sky130_fd_sc_hd__conb_1) explicit connection list fewer ports 1 connected than type's 2
**/home/rodrialves/MSc/design_runs/acc/runs/RUN_2025-06-04_12-50-06/final/nl/accelerator.nl.v(768) WARN** [531] accelerator_64(sky130_fd_sc_hd__conb_1) explicit connection list fewer ports 1 connected than type's 2
**/home/rodrialves/MSc/design_runs/acc/runs/RUN_2025-06-04_12-50-06/final/nl/accelerator.nl.v(769) WARN** [531] accelerator_65(sky130_fd_sc_hd__conb_1) explicit connection list fewer ports 1 connected than type's 2
**/home/rodrialves/MSc/design_runs/acc/runs/RUN_2025-06-04_12-50-06/final/nl/accelerator.nl.v(770) WARN** [531] accelerator_66(sky130_fd_sc_hd__conb_1) explicit connection list fewer ports 1 connected than type's 2
**/home/rodrialves/MSc/design_runs/acc/runs/RUN_2025-06-04_12-50-06/final/nl/accelerator.nl.v(771) WARN** [531] accelerator_67(sky130_fd_sc_hd__conb_1) explicit connection list fewer ports 1 connected than type's 2
**/home/rodrialves/MSc/design_runs/acc/runs/RUN_2025-06-04_12-50-06/final/nl/accelerator.nl.v(772) WARN** [531] accelerator_68(sky130_fd_sc_hd__conb_1) explicit connection list fewer ports 1 connected than type's 2
**/home/rodrialves/MSc/design_runs/acc/runs/RUN_2025-06-04_12-50-06/final/nl/accelerator.nl.v(773) WARN** [531] accelerator_69(sky130_fd_sc_hd__conb_1) explicit connection list fewer ports 1 connected than type's 2
**/home/rodrialves/MSc/design_runs/acc/runs/RUN_2025-06-04_12-50-06/final/nl/accelerator.nl.v(774) WARN** [531] accelerator_70(sky130_fd_sc_hd__conb_1) explicit connection list fewer ports 1 connected than type's 2
**/home/rodrialves/MSc/design_runs/acc/runs/RUN_2025-06-04_12-50-06/final/nl/accelerator.nl.v(961) WARN** [531] accelerator_49(sky130_fd_sc_hd__conb_1) explicit connection list fewer ports 1 connected than type's 2
**/home/rodrialves/MSc/design_runs/acc/runs/RUN_2025-06-04_12-50-06/final/nl/accelerator.nl.v(966) WARN** [531] clkload0(sky130_fd_sc_hd__clkbuf_8) explicit connection list fewer ports 1 connected than type's 2
Highest level modules:
accelerator_tb
**acc.sdf(9) WARN** [662] (VOLTAGE value missing in rtriple field "typ"
**acc.sdf(11) WARN** [662] (TEMPERATURE value missing in rtriple field "typ"
**acc.sdf(18) WARN** [3106] SDF (INTERCONNECT form source port arst_i is not an output or inout port of module accelerator - works because annotated as (PORT form MIPD delay
**acc.sdf(19) WARN** [3106] SDF (INTERCONNECT form source port clk_i is not an output or inout port of module accelerator - works because annotated as (PORT form MIPD delay
**acc.sdf(20) WARN** [3106] SDF (INTERCONNECT form source port start is not an output or inout port of module accelerator - works because annotated as (PORT form MIPD delay
**acc.sdf(21) WARN** [3106] SDF (INTERCONNECT form source port data_in is not an output or inout port of module accelerator - works because annotated as (PORT form MIPD delay
**acc.sdf(22) WARN** [3106] SDF (INTERCONNECT form source port data_in is not an output or inout port of module accelerator - works because annotated as (PORT form MIPD delay
**acc.sdf(23) WARN** [3106] SDF (INTERCONNECT form source port data_in is not an output or inout port of module accelerator - works because annotated as (PORT form MIPD delay
**acc.sdf(24) WARN** [3106] SDF (INTERCONNECT form source port data_in is not an output or inout port of module accelerator - works because annotated as (PORT form MIPD delay
**acc.sdf(25) WARN** [3106] SDF (INTERCONNECT form source port data_in is not an output or inout port of module accelerator - works because annotated as (PORT form MIPD delay
**acc.sdf(26) WARN** [3106] SDF (INTERCONNECT form source port data_in is not an output or inout port of module accelerator - works because annotated as (PORT form MIPD delay
**acc.sdf(27) WARN** [3106] SDF (INTERCONNECT form source port data_in is not an output or inout port of module accelerator - works because annotated as (PORT form MIPD delay
**acc.sdf(28) WARN** [3106] SDF (INTERCONNECT form source port data_in is not an output or inout port of module accelerator - works because annotated as (PORT form MIPD delay
**acc.sdf(29) WARN** [3106] SDF (INTERCONNECT form source port data_in is not an output or inout port of module accelerator - works because annotated as (PORT form MIPD delay
**acc.sdf(30) WARN** [3106] SDF (INTERCONNECT form source port data_in is not an output or inout port of module accelerator - works because annotated as (PORT form MIPD delay
**acc.sdf(31) WARN** [3106] SDF (INTERCONNECT form source port data_in i