OSS_CVC_7.00b-x86_64-rhel6x of 07/07/14 (Linux-elf).
Copyright (c) 1991-2014 Tachyon Design Automation Corp.
  All Rights reserved.  Licensed software subject to prohibitions and
  restrictions.  See OSS CVC artistic license included with release.
Today is Tue May 27 11:30:10 2025.
  Verbose mode is on.
  Invoked by: "cvc64".
  +/home/rodrialves/MSc/8int-sum_iob-cache/cvc_timing/skywater-pdk-libs-sky130_fd_sc_hd/cells/a2111o additional +incdir+ paths searched to find `include files.
  +/home/rodrialves/MSc/8int-sum_iob-cache/cvc_timing/skywater-pdk-libs-sky130_fd_sc_hd/cells/a2111oi additional +incdir+ paths searched to find `include files.
  +/home/rodrialves/MSc/8int-sum_iob-cache/cvc_timing/skywater-pdk-libs-sky130_fd_sc_hd/cells/a211o additional +incdir+ paths searched to find `include files.
  +/home/rodrialves/MSc/8int-sum_iob-cache/cvc_timing/skywater-pdk-libs-sky130_fd_sc_hd/cells/a211oi additional +incdir+ paths searched to find `include files.
  +/home/rodrialves/MSc/8int-sum_iob-cache/cvc_timing/skywater-pdk-libs-sky130_fd_sc_hd/cells/a21bo additional +incdir+ paths searched to find `include files.
  +/home/rodrialves/MSc/8int-sum_iob-cache/cvc_timing/skywater-pdk-libs-sky130_fd_sc_hd/cells/a21boi additional +incdir+ paths searched to find `include files.
  +/home/rodrialves/MSc/8int-sum_iob-cache/cvc_timing/skywater-pdk-libs-sky130_fd_sc_hd/cells/a21o additional +incdir+ paths searched to find `include files.
  +/home/rodrialves/MSc/8int-sum_iob-cache/cvc_timing/skywater-pdk-libs-sky130_fd_sc_hd/cells/a21oi additional +incdir+ paths searched to find `include files.
  +/home/rodrialves/MSc/8int-sum_iob-cache/cvc_timing/skywater-pdk-libs-sky130_fd_sc_hd/cells/a221o additional +incdir+ paths searched to find `include files.
  +/home/rodrialves/MSc/8int-sum_iob-cache/cvc_timing/skywater-pdk-libs-sky130_fd_sc_hd/cells/a221oi additional +incdir+ paths searched to find `include files.
  +/home/rodrialves/MSc/8int-sum_iob-cache/cvc_timing/skywater-pdk-libs-sky130_fd_sc_hd/cells/a222oi additional +incdir+ paths searched to find `include files.
  +/home/rodrialves/MSc/8int-sum_iob-cache/cvc_timing/skywater-pdk-libs-sky130_fd_sc_hd/cells/a22o additional +incdir+ paths searched to find `include files.
  +/home/rodrialves/MSc/8int-sum_iob-cache/cvc_timing/skywater-pdk-libs-sky130_fd_sc_hd/cells/a22oi additional +incdir+ paths searched to find `include files.
  +/home/rodrialves/MSc/8int-sum_iob-cache/cvc_timing/skywater-pdk-libs-sky130_fd_sc_hd/cells/a2bb2o additional +incdir+ paths searched to find `include files.
  +/home/rodrialves/MSc/8int-sum_iob-cache/cvc_timing/skywater-pdk-libs-sky130_fd_sc_hd/cells/a2bb2oi additional +incdir+ paths searched to find `include files.
  +/home/rodrialves/MSc/8int-sum_iob-cache/cvc_timing/skywater-pdk-libs-sky130_fd_sc_hd/cells/a311o additional +incdir+ paths searched to find `include files.
  +/home/rodrialves/MSc/8int-sum_iob-cache/cvc_timing/skywater-pdk-libs-sky130_fd_sc_hd/cells/a311oi additional +incdir+ paths searched to find `include files.
  +/home/rodrialves/MSc/8int-sum_iob-cache/cvc_timing/skywater-pdk-libs-sky130_fd_sc_hd/cells/a31o additional +incdir+ paths searched to find `include files.
  +/home/rodrialves/MSc/8int-sum_iob-cache/cvc_timing/skywater-pdk-libs-sky130_fd_sc_hd/cells/a31oi additional +incdir+ paths searched to find `include files.
  +/home/rodrialves/MSc/8int-sum_iob-cache/cvc_timing/skywater-pdk-libs-sky130_fd_sc_hd/cells/a32o additional +incdir+ paths searched to find `include files.
  +/home/rodrialves/MSc/8int-sum_iob-cache/cvc_timing/skywater-pdk-libs-sky130_fd_sc_hd/cells/a32oi additional +incdir+ paths searched to find `include files.
  +/home/rodrialves/MSc/8int-sum_iob-cache/cvc_timing/skywater-pdk-libs-sky130_fd_sc_hd/cells/a41o additional +incdir+ paths searched to find `include files.
  +/home/rodrialves/MSc/8int-sum_iob-cache/cvc_timing/skywater-pdk-libs-sky130_fd_sc_hd/cells/a41oi additional +incdir+ paths searched to find `include files.
  +/home/rodrialves/MSc/8int-sum_iob-cache/cvc_timing/skywater-pdk-libs-sky130_fd_sc_hd/cells/and2 additional +incdir+ paths searched to find `include files.
  +/home/rodrialves/MSc/8int-sum_iob-cache/cvc_timing/skywater-pdk-libs-sky130_fd_sc_hd/cells/and2b additional +incdir+ paths searched to find `include files.
  +/home/rodrialves/MSc/8int-sum_iob-cache/cvc_timing/skywater-pdk-libs-sky130_fd_sc_hd/cells/and3 additional +incdir+ paths searched to find `include files.
  +/home/rodrialves/MSc/8int-sum_iob-cache/cvc_timing/skywater-pdk-libs-sky130_fd_sc_hd/cells/and3b additional +incdir+ paths searched to find `include files.
  +/home/rodrialves/MSc/8int-sum_iob-cache/cvc_timing/skywater-pdk-libs-sky130_fd_sc_hd/cells/and4 additional +incdir+ paths searched to find `include files.
  +/home/rodrialves/MSc/8int-sum_iob-cache/cvc_timing/skywater-pdk-libs-sky130_fd_sc_hd/cells/and4b additional +incdir+ paths searched to find `include files.
  +/home/rodrialves/MSc/8int-sum_iob-cache/cvc_timing/skywater-pdk-libs-sky130_fd_sc_hd/cells/and4bb additional +incdir+ paths searched to find `include files.
  +/home/rodrialves/MSc/8int-sum_iob-cache/cvc_timing/skywater-pdk-libs-sky130_fd_sc_hd/cells/buf additional +incdir+ paths searched to find `include files.
  +/home/rodrialves/MSc/8int-sum_iob-cache/cvc_timing/skywater-pdk-libs-sky130_fd_sc_hd/cells/bufbuf additional +incdir+ paths searched to find `include files.
  +/home/rodrialves/MSc/8int-sum_iob-cache/cvc_timing/skywater-pdk-libs-sky130_fd_sc_hd/cells/bufinv additional +incdir+ paths searched to find `include files.
  +/home/rodrialves/MSc/8int-sum_iob-cache/cvc_timing/skywater-pdk-libs-sky130_fd_sc_hd/cells/clkbuf additional +incdir+ paths searched to find `include files.
  +/home/rodrialves/MSc/8int-sum_iob-cache/cvc_timing/skywater-pdk-libs-sky130_fd_sc_hd/cells/clkdlybuf4s15 additional +incdir+ paths searched to find `include files.
  +/home/rodrialves/MSc/8int-sum_iob-cache/cvc_timing/skywater-pdk-libs-sky130_fd_sc_hd/cells/clkdlybuf4s18 additional +incdir+ paths searched to find `include files.
  +/home/rodrialves/MSc/8int-sum_iob-cache/cvc_timing/skywater-pdk-libs-sky130_fd_sc_hd/cells/clkdlybuf4s25 additional +incdir+ paths searched to find `include files.
  +/home/rodrialves/MSc/8int-sum_iob-cache/cvc_timing/skywater-pdk-libs-sky130_fd_sc_hd/cells/clkdlybuf4s50 additional +incdir+ paths searched to find `include files.
  +/home/rodrialves/MSc/8int-sum_iob-cache/cvc_timing/skywater-pdk-libs-sky130_fd_sc_hd/cells/clkinv additional +incdir+ paths searched to find `include files.
  +/home/rodrialves/MSc/8int-sum_iob-cache/cvc_timing/skywater-pdk-libs-sky130_fd_sc_hd/cells/clkinvlp additional +incdir+ paths searched to find `include files.
  +/home/rodrialves/MSc/8int-sum_iob-cache/cvc_timing/skywater-pdk-libs-sky130_fd_sc_hd/cells/conb additional +incdir+ paths searched to find `include files.
  +/home/rodrialves/MSc/8int-sum_iob-cache/cvc_timing/skywater-pdk-libs-sky130_fd_sc_hd/cells/decap additional +incdir+ paths searched to find `include files.
  +/home/rodrialves/MSc/8int-sum_iob-cache/cvc_timing/skywater-pdk-libs-sky130_fd_sc_hd/cells/dfbbn additional +incdir+ paths searched to find `include files.
  +/home/rodrialves/MSc/8int-sum_iob-cache/cvc_timing/skywater-pdk-libs-sky130_fd_sc_hd/cells/dfbbp additional +incdir+ paths searched to find `include files.
  +/home/rodrialves/MSc/8int-sum_iob-cache/cvc_timing/skywater-pdk-libs-sky130_fd_sc_hd/cells/dfrbp additional +incdir+ paths searched to find `include files.
  +/home/rodrialves/MSc/8int-sum_iob-cache/cvc_timing/skywater-pdk-libs-sky130_fd_sc_hd/cells/dfrtn additional +incdir+ paths searched to find `include files.
  +/home/rodrialves/MSc/8int-sum_iob-cache/cvc_timing/skywater-pdk-libs-sky130_fd_sc_hd/cells/dfrtp additional +incdir+ paths searched to find `include files.
  +/home/rodrialves/MSc/8int-sum_iob-cache/cvc_timing/skywater-pdk-libs-sky130_fd_sc_hd/cells/dfsbp additional +incdir+ paths searched to find `include files.
  +/home/rodrialves/MSc/8int-sum_iob-cache/cvc_timing/skywater-pdk-libs-sky130_fd_sc_hd/cells/dfstp additional +incdir+ paths searched to find `include files.
  +/home/rodrialves/MSc/8int-sum_iob-cache/cvc_timing/skywater-pdk-libs-sky130_fd_sc_hd/cells/dfxbp additional +incdir+ paths searched to find `include files.
  +/home/rodrialves/MSc/8int-sum_iob-cache/cvc_timing/skywater-pdk-libs-sky130_fd_sc_hd/cells/dfxtp additional +incdir+ paths searched to find `include files.
  +/home/rodrialves/MSc/8int-sum_iob-cache/cvc_timing/skywater-pdk-libs-sky130_fd_sc_hd/cells/diode additional +incdir+ paths searched to find `include files.
  +/home/rodrialves/MSc/8int-sum_iob-cache/cvc_timing/skywater-pdk-libs-sky130_fd_sc_hd/cells/dlclkp additional +incdir+ paths searched to find `include files.
  +/home/rodrialves/MSc/8int-sum_iob-cache/cvc_timing/skywater-pdk-libs-sky130_fd_sc_hd/cells/dlrbn additional +incdir+ paths searched to find `include files.
  +/home/rodrialves/MSc/8int-sum_iob-cache/cvc_timing/skywater-pdk-libs-sky130_fd_sc_hd/cells/dlrbp additional +incdir+ paths searched to find `include files.
  +/home/rodrialves/MSc/8int-sum_iob-cache/cvc_timing/skywater-pdk-libs-sky130_fd_sc_hd/cells/dlrtn additional +incdir+ paths searched to find `include files.
  +/home/rodrialves/MSc/8int-sum_iob-cache/cvc_timing/skywater-pdk-libs-sky130_fd_sc_hd/cells/dlrtp additional +incdir+ paths searched to find `include files.
  +/home/rodrialves/MSc/8int-sum_iob-cache/cvc_timing/skywater-pdk-libs-sky130_fd_sc_hd/cells/dlxbn additional +incdir+ paths searched to find `include files.
  +/home/rodrialves/MSc/8int-sum_iob-cache/cvc_timing/skywater-pdk-libs-sky130_fd_sc_hd/cells/dlxbp additional +incdir+ paths searched to find `include files.
  +/home/rodrialves/MSc/8int-sum_iob-cache/cvc_timing/skywater-pdk-libs-sky130_fd_sc_hd/cells/dlxtn additional +incdir+ paths searched to find `include files.
  +/home/rodrialves/MSc/8int-sum_iob-cache/cvc_timing/skywater-pdk-libs-sky130_fd_sc_hd/cells/dlxtp additional +incdir+ paths searched to find `include files.
  +/home/rodrialves/MSc/8int-sum_iob-cache/cvc_timing/skywater-pdk-libs-sky130_fd_sc_hd/cells/dlygate4sd1 additional +incdir+ paths searched to find `include files.
  +/home/rodrialves/MSc/8int-sum_iob-cache/cvc_timing/skywater-pdk-libs-sky130_fd_sc_hd/cells/dlygate4sd2 additional +incdir+ paths searched to find `include files.
  +/home/rodrialves/MSc/8int-sum_iob-cache/cvc_timing/skywater-pdk-libs-sky130_fd_sc_hd/cells/dlygate4sd3 additional +incdir+ paths searched to find `include files.
  +/home/rodrialves/MSc/8int-sum_iob-cache/cvc_timing/skywater-pdk-libs-sky130_fd_sc_hd/cells/dlymetal6s2s additional +incdir+ paths searched to find `include files.
  +/home/rodrialves/MSc/8int-sum_iob-cache/cvc_timing/skywater-pdk-libs-sky130_fd_sc_hd/cells/dlymetal6s4s additional +incdir+ paths searched to find `include files.
  +/home/rodrialves/MSc/8int-sum_iob-cache/cvc_timing/skywater-pdk-libs-sky130_fd_sc_hd/cells/dlymetal6s6s additional +incdir+ paths searched to find `include files.
  +/home/rodrialves/MSc/8int-sum_iob-cache/cvc_timing/skywater-pdk-libs-sky130_fd_sc_hd/cells/ebufn additional +incdir+ paths searched to find `include files.
  +/home/rodrialves/MSc/8int-sum_iob-cache/cvc_timing/skywater-pdk-libs-sky130_fd_sc_hd/cells/edfxbp additional +incdir+ paths searched to find `include files.
  +/home/rodrialves/MSc/8int-sum_iob-cache/cvc_timing/skywater-pdk-libs-sky130_fd_sc_hd/cells/edfxtp additional +incdir+ paths searched to find `include files.
  +/home/rodrialves/MSc/8int-sum_iob-cache/cvc_timing/skywater-pdk-libs-sky130_fd_sc_hd/cells/einvn additional +incdir+ paths searched to find `include files.
  +/home/rodrialves/MSc/8int-sum_iob-cache/cvc_timing/skywater-pdk-libs-sky130_fd_sc_hd/cells/einvp additional +incdir+ paths searched to find `include files.
  +/home/rodrialves/MSc/8int-sum_iob-cache/cvc_timing/skywater-pdk-libs-sky130_fd_sc_hd/cells/fa additional +incdir+ paths searched to find `include files.
  +/home/rodrialves/MSc/8int-sum_iob-cache/cvc_timing/skywater-pdk-libs-sky130_fd_sc_hd/cells/fah additional +incdir+ paths searched to find `include files.
  +/home/rodrialves/MSc/8int-sum_iob-cache/cvc_timing/skywater-pdk-libs-sky130_fd_sc_hd/cells/fahcin additional +incdir+ paths searched to find `include files.
  +/home/rodrialves/MSc/8int-sum_iob-cache/cvc_timing/skywater-pdk-libs-sky130_fd_sc_hd/cells/fahcon additional +incdir+ paths searched to find `include files.
  +/home/rodrialves/MSc/8int-sum_iob-cache/cvc_timing/skywater-pdk-libs-sky130_fd_sc_hd/cells/fill additional +incdir+ paths searched to find `include files.
  +/home/rodrialves/MSc/8int-sum_iob-cache/cvc_timing/skywater-pdk-libs-sky130_fd_sc_hd/cells/ha additional +incdir+ paths searched to find `include files.
  +/home/rodrialves/MSc/8int-sum_iob-cache/cvc_timing/skywater-pdk-libs-sky130_fd_sc_hd/cells/inv additional +incdir+ paths searched to find `include files.
  +/home/rodrialves/MSc/8int-sum_iob-cache/cvc_timing/skywater-pdk-libs-sky130_fd_sc_hd/cells/lpflow_bleeder additional +incdir+ paths searched to find `include files.
  +/home/rodrialves/MSc/8int-sum_iob-cache/cvc_timing/skywater-pdk-libs-sky130_fd_sc_hd/cells/lpflow_clkbufkapwr additional +incdir+ paths searched to find `include files.
  +/home/rodrialves/MSc/8int-sum_iob-cache/cvc_timing/skywater-pdk-libs-sky130_fd_sc_hd/cells/lpflow_clkinvkapwr additional +incdir+ paths searched to find `include files.
  +/home/rodrialves/MSc/8int-sum_iob-cache/cvc_timing/skywater-pdk-libs-sky130_fd_sc_hd/cells/lpflow_decapkapwr additional +incdir+ paths searched to find `include files.
  +/home/rodrialves/MSc/8int-sum_iob-cache/cvc_timing/skywater-pdk-libs-sky130_fd_sc_hd/cells/lpflow_inputiso0n additional +incdir+ paths searched to find `include files.
  +/home/rodrialves/MSc/8int-sum_iob-cache/cvc_timing/skywater-pdk-libs-sky130_fd_sc_hd/cells/lpflow_inputiso0p additional +incdir+ paths searched to find `include files.
  +/home/rodrialves/MSc/8int-sum_iob-cache/cvc_timing/skywater-pdk-libs-sky130_fd_sc_hd/cells/lpflow_inputiso1n additional +incdir+ paths searched to find `include files.
  +/home/rodrialves/MSc/8int-sum_iob-cache/cvc_timing/skywater-pdk-libs-sky130_fd_sc_hd/cells/lpflow_inputiso1p additional +incdir+ paths searched to find `include files.
  +/home/rodrialves/MSc/8int-sum_iob-cache/cvc_timing/skywater-pdk-libs-sky130_fd_sc_hd/cells/lpflow_inputisolatch additional +incdir+ paths searched to find `include files.
  +/home/rodrialves/MSc/8int-sum_iob-cache/cvc_timing/skywater-pdk-libs-sky130_fd_sc_hd/cells/lpflow_isobufsrc additional +incdir+ paths searched to find `include files.
  +/home/rodrialves/MSc/8int-sum_iob-cache/cvc_timing/skywater-pdk-libs-sky130_fd_sc_hd/cells/lpflow_isobufsrckapwr additional +incdir+ paths searched to find `include files.
  +/home/rodrialves/MSc/8int-sum_iob-cache/cvc_timing/skywater-pdk-libs-sky130_fd_sc_hd/cells/lpflow_lsbuf_lh_hl_isowell_tap additional +incdir+ paths searched to find `include files.
  +/home/rodrialves/MSc/8int-sum_iob-cache/cvc_timing/skywater-pdk-libs-sky130_fd_sc_hd/cells/lpflow_lsbuf_lh_isowell additional +incdir+ paths searched to find `include files.
  +/home/rodrialves/MSc/8int-sum_iob-cache/cvc_timing/skywater-pdk-libs-sky130_fd_sc_hd/cells/lpflow_lsbuf_lh_isowell_tap additional +incdir+ paths searched to find `include files.
  +/home/rodrialves/MSc/8int-sum_iob-cache/cvc_timing/skywater-pdk-libs-sky130_fd_sc_hd/cells/macro_sparecell additional +incdir+ paths searched to find `include files.
  +/home/rodrialves/MSc/8int-sum_iob-cache/cvc_timing/skywater-pdk-libs-sky130_fd_sc_hd/cells/maj3 additional +incdir+ paths searched to find `include files.
  +/home/rodrialves/MSc/8int-sum_iob-cache/cvc_timing/skywater-pdk-libs-sky130_fd_sc_hd/cells/mux2 additional +incdir+ paths searched to find `include files.
  +/home/rodrialves/MSc/8int-sum_iob-cache/cvc_timing/skywater-pdk-libs-sky130_fd_sc_hd/cells/mux2i additional +incdir+ paths searched to find `include files.
  +/home/rodrialves/MSc/8int-sum_iob-cache/cvc_timing/skywater-pdk-libs-sky130_fd_sc_hd/cells/mux4 additional +incdir+ paths searched to find `include files.
  +/home/rodrialves/MSc/8int-sum_iob-cache/cvc_timing/skywater-pdk-libs-sky130_fd_sc_hd/cells/nand2 additional +incdir+ paths searched to find `include files.
  +/home/rodrialves/MSc/8int-sum_iob-cache/cvc_timing/skywater-pdk-libs-sky130_fd_sc_hd/cells/nand2b additional +incdir+ paths searched to find `include files.
  +/home/rodrialves/MSc/8int-sum_iob-cache/cvc_timing/skywater-pdk-libs-sky130_fd_sc_hd/cells/nand3 additional +incdir+ paths searched to find `include files.
  +/home/rodrialves/MSc/8int-sum_iob-cache/cvc_timing/skywater-pdk-libs-sky130_fd_sc_hd/cells/nand3b additional +incdir+ paths searched to find `include files.
  +/home/rodrialves/MSc/8int-sum_iob-cache/cvc_timing/skywater-pdk-libs-sky130_fd_sc_hd/cells/nand4 additional +incdir+ paths searched to find `include files.
  +/home/rodrialves/MSc/8int-sum_iob-cache/cvc_timing/skywater-pdk-libs-sky130_fd_sc_hd/cells/nand4b additional +incdir+ paths searched to find `include files.
  +/home/rodrialves/MSc/8int-sum_iob-cache/cvc_timing/skywater-pdk-libs-sky130_fd_sc_hd/cells/nand4bb additional +incdir+ paths searched to find `include files.
  +/home/rodrialves/MSc/8int-sum_iob-cache/cvc_timing/skywater-pdk-libs-sky130_fd_sc_hd/cells/nor2 additional +incdir+ paths searched to find `include files.
  +/home/rodrialves/MSc/8int-sum_iob-cache/cvc_timing/skywater-pdk-libs-sky130_fd_sc_hd/cells/nor2b additional +incdir+ paths searched to find `include files.
  +/home/rodrialves/MSc/8int-sum_iob-cache/cvc_timing/skywater-pdk-libs-sky130_fd_sc_hd/cells/nor3 additional +incdir+ paths searched to find `include files.
  +/home/rodrialves/MSc/8int-sum_iob-cache/cvc_timing/skywater-pdk-libs-sky130_fd_sc_hd/cells/nor3b additional +incdir+ paths searched to find `include files.
  +/home/rodrialves/MSc/8int-sum_iob-cache/cvc_timing/skywater-pdk-libs-sky130_fd_sc_hd/cells/nor4 additional +incdir+ paths searched to find `include files.
  +/home/rodrialves/MSc/8int-sum_iob-cache/cvc_timing/skywater-pdk-libs-sky130_fd_sc_hd/cells/nor4b additional +incdir+ paths searched to find `include files.
  +/home/rodrialves/MSc/8int-sum_iob-cache/cvc_timing/skywater-pdk-libs-sky130_fd_sc_hd/cells/nor4bb additional +incdir+ paths searched to find `include files.
  +/home/rodrialves/MSc/8int-sum_iob-cache/cvc_timing/skywater-pdk-libs-sky130_fd_sc_hd/cells/o2111a additional +incdir+ paths searched to find `include files.
  +/home/rodrialves/MSc/8int-sum_iob-cache/cvc_timing/skywater-pdk-libs-sky130_fd_sc_hd/cells/o2111ai additional +incdir+ paths searched to find `include files.
  +/home/rodrialves/MSc/8int-sum_iob-cache/cvc_timing/skywater-pdk-libs-sky130_fd_sc_hd/cells/o211a additional +incdir+ paths searched to find `include files.
  +/home/rodrialves/MSc/8int-sum_iob-cache/cvc_timing/skywater-pdk-libs-sky130_fd_sc_hd/cells/o211ai additional +incdir+ paths searched to find `include files.
  +/home/rodrialves/MSc/8int-sum_iob-cache/cvc_timing/skywater-pdk-libs-sky130_fd_sc_hd/cells/o21a additional +incdir+ paths searched to find `include files.
  +/home/rodrialves/MSc/8int-sum_iob-cache/cvc_timing/skywater-pdk-libs-sky130_fd_sc_hd/cells/o21ai additional +incdir+ paths searched to find `include files.
  +/home/rodrialves/MSc/8int-sum_iob-cache/cvc_timing/skywater-pdk-libs-sky130_fd_sc_hd/cells/o21ba additional +incdir+ paths searched to find `include files.
  +/home/rodrialves/MSc/8int-sum_iob-cache/cvc_timing/skywater-pdk-libs-sky130_fd_sc_hd/cells/o21bai additional +incdir+ paths searched to find `include files.
  +/home/rodrialves/MSc/8int-sum_iob-cache/cvc_timing/skywater-pdk-libs-sky130_fd_sc_hd/cells/o221a additional +incdir+ paths searched to find `include files.
  +/home/rodrialves/MSc/8int-sum_iob-cache/cvc_timing/skywater-pdk-libs-sky130_fd_sc_hd/cells/o221ai additional +incdir+ paths searched to find `include files.
  +/home/rodrialves/MSc/8int-sum_iob-cache/cvc_timing/skywater-pdk-libs-sky130_fd_sc_hd/cells/o22a additional +incdir+ paths searched to find `include files.
  +/home/rodrialves/MSc/8int-sum_iob-cache/cvc_timing/skywater-pdk-libs-sky130_fd_sc_hd/cells/o22ai additional +incdir+ paths searched to find `include files.
  +/home/rodrialves/MSc/8int-sum_iob-cache/cvc_timing/skywater-pdk-libs-sky130_fd_sc_hd/cells/o2bb2a additional +incdir+ paths searched to find `include files.
  +/home/rodrialves/MSc/8int-sum_iob-cache/cvc_timing/skywater-pdk-libs-sky130_fd_sc_hd/cells/o2bb2ai additional +incdir+ paths searched to find `include files.
  +/home/rodrialves/MSc/8int-sum_iob-cache/cvc_timing/skywater-pdk-libs-sky130_fd_sc_hd/cells/o311a additional +incdir+ paths searched to find `include files.
  +/home/rodrialves/MSc/8int-sum_iob-cache/cvc_timing/skywater-pdk-libs-sky130_fd_sc_hd/cells/o311ai additional +incdir+ paths searched to find `include files.
  +/home/rodrialves/MSc/8int-sum_iob-cache/cvc_timing/skywater-pdk-libs-sky130_fd_sc_hd/cells/o31a additional +incdir+ paths searched to find `include files.
  +/home/rodrialves/MSc/8int-sum_iob-cache/cvc_timing/skywater-pdk-libs-sky130_fd_sc_hd/cells/o31ai additional +incdir+ paths searched to find `include files.
  +/home/rodrialves/MSc/8int-sum_iob-cache/cvc_timing/skywater-pdk-libs-sky130_fd_sc_hd/cells/o32a additional +incdir+ paths searched to find `include files.
  +/home/rodrialves/MSc/8int-sum_iob-cache/cvc_timing/skywater-pdk-libs-sky130_fd_sc_hd/cells/o32ai additional +incdir+ paths searched to find `include files.
  +/home/rodrialves/MSc/8int-sum_iob-cache/cvc_timing/skywater-pdk-libs-sky130_fd_sc_hd/cells/o41a additional +incdir+ paths searched to find `include files.
  +/home/rodrialves/MSc/8int-sum_iob-cache/cvc_timing/skywater-pdk-libs-sky130_fd_sc_hd/cells/o41ai additional +incdir+ paths searched to find `include files.
  +/home/rodrialves/MSc/8int-sum_iob-cache/cvc_timing/skywater-pdk-libs-sky130_fd_sc_hd/cells/or2 additional +incdir+ paths searched to find `include files.
  +/home/rodrialves/MSc/8int-sum_iob-cache/cvc_timing/skywater-pdk-libs-sky130_fd_sc_hd/cells/or2b additional +incdir+ paths searched to find `include files.
  +/home/rodrialves/MSc/8int-sum_iob-cache/cvc_timing/skywater-pdk-libs-sky130_fd_sc_hd/cells/or3 additional +incdir+ paths searched to find `include files.
  +/home/rodrialves/MSc/8int-sum_iob-cache/cvc_timing/skywater-pdk-libs-sky130_fd_sc_hd/cells/or3b additional +incdir+ paths searched to find `include files.
  +/home/rodrialves/MSc/8int-sum_iob-cache/cvc_timing/skywater-pdk-libs-sky130_fd_sc_hd/cells/or4 additional +incdir+ paths searched to find `include files.
  +/home/rodrialves/MSc/8int-sum_iob-cache/cvc_timing/skywater-pdk-libs-sky130_fd_sc_hd/cells/or4b additional +incdir+ paths searched to find `include files.
  +/home/rodrialves/MSc/8int-sum_iob-cache/cvc_timing/skywater-pdk-libs-sky130_fd_sc_hd/cells/or4bb additional +incdir+ paths searched to find `include files.
  +/home/rodrialves/MSc/8int-sum_iob-cache/cvc_timing/skywater-pdk-libs-sky130_fd_sc_hd/cells/probec_p additional +incdir+ paths searched to find `include files.
  +/home/rodrialves/MSc/8int-sum_iob-cache/cvc_timing/skywater-pdk-libs-sky130_fd_sc_hd/cells/probe_p additional +incdir+ paths searched to find `include files.
  +/home/rodrialves/MSc/8int-sum_iob-cache/cvc_timing/skywater-pdk-libs-sky130_fd_sc_hd/cells/sdfbbn additional +incdir+ paths searched to find `include files.
  +/home/rodrialves/MSc/8int-sum_iob-cache/cvc_timing/skywater-pdk-libs-sky130_fd_sc_hd/cells/sdfbbp additional +incdir+ paths searched to find `include files.
  +/home/rodrialves/MSc/8int-sum_iob-cache/cvc_timing/skywater-pdk-libs-sky130_fd_sc_hd/cells/sdfrbp additional +incdir+ paths searched to find `include files.
  +/home/rodrialves/MSc/8int-sum_iob-cache/cvc_timing/skywater-pdk-libs-sky130_fd_sc_hd/cells/sdfrtn additional +incdir+ paths searched to find `include files.
  +/home/rodrialves/MSc/8int-sum_iob-cache/cvc_timing/skywater-pdk-libs-sky130_fd_sc_hd/cells/sdfrtp additional +incdir+ paths searched to find `include files.
  +/home/rodrialves/MSc/8int-sum_iob-cache/cvc_timing/skywater-pdk-libs-sky130_fd_sc_hd/cells/sdfsbp additional +incdir+ paths searched to find `include files.
  +/home/rodrialves/MSc/8int-sum_iob-cache/cvc_timing/skywater-pdk-libs-sky130_fd_sc_hd/cells/sdfstp additional +incdir+ paths searched to find `include files.
  +/home/rodrialves/MSc/8int-sum_iob-cache/cvc_timing/skywater-pdk-libs-sky130_fd_sc_hd/cells/sdfxbp additional +incdir+ paths searched to find `include files.
  +/home/rodrialves/MSc/8int-sum_iob-cache/cvc_timing/skywater-pdk-libs-sky130_fd_sc_hd/cells/sdfxtp additional +incdir+ paths searched to find `include files.
  +/home/rodrialves/MSc/8int-sum_iob-cache/cvc_timing/skywater-pdk-libs-sky130_fd_sc_hd/cells/sdlclkp additional +incdir+ paths searched to find `include files.
  +/home/rodrialves/MSc/8int-sum_iob-cache/cvc_timing/skywater-pdk-libs-sky130_fd_sc_hd/cells/sedfxbp additional +incdir+ paths searched to find `include files.
  +/home/rodrialves/MSc/8int-sum_iob-cache/cvc_timing/skywater-pdk-libs-sky130_fd_sc_hd/cells/sedfxtp additional +incdir+ paths searched to find `include files.
  +/home/rodrialves/MSc/8int-sum_iob-cache/cvc_timing/skywater-pdk-libs-sky130_fd_sc_hd/cells/tap additional +incdir+ paths searched to find `include files.
  +/home/rodrialves/MSc/8int-sum_iob-cache/cvc_timing/skywater-pdk-libs-sky130_fd_sc_hd/cells/tapvgnd additional +incdir+ paths searched to find `include files.
  +/home/rodrialves/MSc/8int-sum_iob-cache/cvc_timing/skywater-pdk-libs-sky130_fd_sc_hd/cells/tapvgnd2 additional +incdir+ paths searched to find `include files.
  +/home/rodrialves/MSc/8int-sum_iob-cache/cvc_timing/skywater-pdk-libs-sky130_fd_sc_hd/cells/tapvpwrvgnd additional +incdir+ paths searched to find `include files.
  +/home/rodrialves/MSc/8int-sum_iob-cache/cvc_timing/skywater-pdk-libs-sky130_fd_sc_hd/cells/xnor2 additional +incdir+ paths searched to find `include files.
  +/home/rodrialves/MSc/8int-sum_iob-cache/cvc_timing/skywater-pdk-libs-sky130_fd_sc_hd/cells/xnor3 additional +incdir+ paths searched to find `include files.
  +/home/rodrialves/MSc/8int-sum_iob-cache/cvc_timing/skywater-pdk-libs-sky130_fd_sc_hd/cells/xor2 additional +incdir+ paths searched to find `include files.
  +/home/rodrialves/MSc/8int-sum_iob-cache/cvc_timing/skywater-pdk-libs-sky130_fd_sc_hd/cells/xor3+incdir+../ additional +incdir+ paths searched to find `include files.
  Delay annotation values read from SDF 3.0 file "acc.sdf" design context.
  P1364 2001 config map library not specified - using -y/-v libraries.
  Begin Translation:
Elaborating source file "/home/rodrialves/MSc/8int-sum_iob-cache/cvc_timing/skywater-pdk-libs-sky130_fd_sc_hd/cells/nor2/sky130_fd_sc_hd__nor2_1.v"
  Elaborating `included source file "/home/rodrialves/MSc/8int-sum_iob-cache/cvc_timing/skywater-pdk-libs-sky130_fd_sc_hd/cells/nor2/sky130_fd_sc_hd__nor2.v"
  Elaborating `included source file "/home/rodrialves/MSc/8int-sum_iob-cache/cvc_timing/skywater-pdk-libs-sky130_fd_sc_hd/cells/nor2/sky130_fd_sc_hd__nor2.behavioral.v"
Elaborating source file "/home/rodrialves/MSc/8int-sum_iob-cache/cvc_timing/skywater-pdk-libs-sky130_fd_sc_hd/cells/and2b/sky130_fd_sc_hd__and2b_1.v"
  Elaborating `included source file "/home/rodrialves/MSc/8int-sum_iob-cache/cvc_timing/skywater-pdk-libs-sky130_fd_sc_hd/cells/and2b/sky130_fd_sc_hd__and2b.v"
  Elaborating `included source file "/home/rodrialves/MSc/8int-sum_iob-cache/cvc_timing/skywater-pdk-libs-sky130_fd_sc_hd/cells/and2b/sky130_fd_sc_hd__and2b.behavioral.v"
Elaborating source file "/home/rodrialves/MSc/8int-sum_iob-cache/cvc_timing/skywater-pdk-libs-sky130_fd_sc_hd/cells/nand2/sky130_fd_sc_hd__nand2_1.v"
  Elaborating `included source file "/home/rodrialves/MSc/8int-sum_iob-cache/cvc_timing/skywater-pdk-libs-sky130_fd_sc_hd/cells/nand2/sky130_fd_sc_hd__nand2.v"
  Elaborating `included source file "/home/rodrialves/MSc/8int-sum_iob-cache/cvc_timing/skywater-pdk-libs-sky130_fd_sc_hd/cells/nand2/sky130_fd_sc_hd__nand2.behavioral.v"
Elaborating source file "/home/rodrialves/MSc/8int-sum_iob-cache/cvc_timing/skywater-pdk-libs-sky130_fd_sc_hd/cells/or2/sky130_fd_sc_hd__or2_1.v"
  Elaborating `included source file "/home/rodrialves/MSc/8int-sum_iob-cache/cvc_timing/skywater-pdk-libs-sky130_fd_sc_hd/cells/or2/sky130_fd_sc_hd__or2.v"
  Elaborating `included source file "/home/rodrialves/MSc/8int-sum_iob-cache/cvc_timing/skywater-pdk-libs-sky130_fd_sc_hd/cells/or2/sky130_fd_sc_hd__or2.behavioral.v"
Elaborating source file "/home/rodrialves/MSc/8int-sum_iob-cache/cvc_timing/skywater-pdk-libs-sky130_fd_sc_hd/cells/a21boi/sky130_fd_sc_hd__a21boi_1.v"
  Elaborating `included source file "/home/rodrialves/MSc/8int-sum_iob-cache/cvc_timing/skywater-pdk-libs-sky130_fd_sc_hd/cells/a21boi/sky130_fd_sc_hd__a21boi.v"
  Elaborating `included source file "/home/rodrialves/MSc/8int-sum_iob-cache/cvc_timing/skywater-pdk-libs-sky130_fd_sc_hd/cells/a21boi/sky130_fd_sc_hd__a21boi.behavioral.v"
Elaborating source file "/home/rodrialves/MSc/8int-sum_iob-cache/cvc_timing/skywater-pdk-libs-sky130_fd_sc_hd/cells/xor2/sky130_fd_sc_hd__xor2_1.v"
  Elaborating `included source file "/home/rodrialves/MSc/8int-sum_iob-cache/cvc_timing/skywater-pdk-libs-sky130_fd_sc_hd/cells/xor2/sky130_fd_sc_hd__xor2.v"
  Elaborating `included source file "/home/rodrialves/MSc/8int-sum_iob-cache/cvc_timing/skywater-pdk-libs-sky130_fd_sc_hd/cells/xor2/sky130_fd_sc_hd__xor2.behavioral.v"
Elaborating source file "/home/rodrialves/MSc/8int-sum_iob-cache/cvc_timing/skywater-pdk-libs-sky130_fd_sc_hd/cells/a21o/sky130_fd_sc_hd__a21o_1.v"
  Elaborating `included source file "/home/rodrialves/MSc/8int-sum_iob-cache/cvc_timing/skywater-pdk-libs-sky130_fd_sc_hd/cells/a21o/sky130_fd_sc_hd__a21o.v"
  Elaborating `included source file "/home/rodrialves/MSc/8int-sum_iob-cache/cvc_timing/skywater-pdk-libs-sky130_fd_sc_hd/cells/a21o/sky130_fd_sc_hd__a21o.behavioral.v"
Elaborating source file "/home/rodrialves/MSc/8int-sum_iob-cache/cvc_timing/skywater-pdk-libs-sky130_fd_sc_hd/cells/xnor2/sky130_fd_sc_hd__xnor2_1.v"
  Elaborating `included source file "/home/rodrialves/MSc/8int-sum_iob-cache/cvc_timing/skywater-pdk-libs-sky130_fd_sc_hd/cells/xnor2/sky130_fd_sc_hd__xnor2.v"
  Elaborating `included source file "/home/rodrialves/MSc/8int-sum_iob-cache/cvc_timing/skywater-pdk-libs-sky130_fd_sc_hd/cells/xnor2/sky130_fd_sc_hd__xnor2.behavioral.v"
Elaborating source file "/home/rodrialves/MSc/8int-sum_iob-cache/cvc_timing/skywater-pdk-libs-sky130_fd_sc_hd/cells/nand3/sky130_fd_sc_hd__nand3_1.v"
  Elaborating `included source file "/home/rodrialves/MSc/8int-sum_iob-cache/cvc_timing/skywater-pdk-libs-sky130_fd_sc_hd/cells/nand3/sky130_fd_sc_hd__nand3.v"
  Elaborating `included source file "/home/rodrialves/MSc/8int-sum_iob-cache/cvc_timing/skywater-pdk-libs-sky130_fd_sc_hd/cells/nand3/sky130_fd_sc_hd__nand3.behavioral.v"
Elaborating source file "/home/rodrialves/MSc/8int-sum_iob-cache/cvc_timing/skywater-pdk-libs-sky130_fd_sc_hd/cells/and2/sky130_fd_sc_hd__and2_1.v"
  Elaborating `included source file "/home/rodrialves/MSc/8int-sum_iob-cache/cvc_timing/skywater-pdk-libs-sky130_fd_sc_hd/cells/and2/sky130_fd_sc_hd__and2.v"
  Elaborating `included source file "/home/rodrialves/MSc/8int-sum_iob-cache/cvc_timing/skywater-pdk-libs-sky130_fd_sc_hd/cells/and2/sky130_fd_sc_hd__and2.behavioral.v"
Elaborating source file "/home/rodrialves/MSc/8int-sum_iob-cache/cvc_timing/skywater-pdk-libs-sky130_fd_sc_hd/cells/a21oi/sky130_fd_sc_hd__a21oi_1.v"
  Elaborating `included source file "/home/rodrialves/MSc/8int-sum_iob-cache/cvc_timing/skywater-pdk-libs-sky130_fd_sc_hd/cells/a21oi/sky130_fd_sc_hd__a21oi.v"
  Elaborating `included source file "/home/rodrialves/MSc/8int-sum_iob-cache/cvc_timing/skywater-pdk-libs-sky130_fd_sc_hd/cells/a21oi/sky130_fd_sc_hd__a21oi.behavioral.v"
Elaborating source file "/home/rodrialves/MSc/8int-sum_iob-cache/cvc_timing/skywater-pdk-libs-sky130_fd_sc_hd/cells/o21ba/sky130_fd_sc_hd__o21ba_1.v"
  Elaborating `included source file "/home/rodrialves/MSc/8int-sum_iob-cache/cvc_timing/skywater-pdk-libs-sky130_fd_sc_hd/cells/o21ba/sky130_fd_sc_hd__o21ba.v"
  Elaborating `included source file "/home/rodrialves/MSc/8int-sum_iob-cache/cvc_timing/skywater-pdk-libs-sky130_fd_sc_hd/cells/o21ba/sky130_fd_sc_hd__o21ba.behavioral.v"
Elaborating source file "/home/rodrialves/MSc/8int-sum_iob-cache/cvc_timing/skywater-pdk-libs-sky130_fd_sc_hd/cells/and3/sky130_fd_sc_hd__and3_1.v"
  Elaborating `included source file "/home/rodrialves/MSc/8int-sum_iob-cache/cvc_timing/skywater-pdk-libs-sky130_fd_sc_hd/cells/and3/sky130_fd_sc_hd__and3.v"
  Elaborating `included source file "/home/rodrialves/MSc/8int-sum_iob-cache/cvc_timing/skywater-pdk-libs-sky130_fd_sc_hd/cells/and3/sky130_fd_sc_hd__and3.behavioral.v"
Elaborating source file "/home/rodrialves/MSc/8int-sum_iob-cache/cvc_timing/skywater-pdk-libs-sky130_fd_sc_hd/cells/nand2b/sky130_fd_sc_hd__nand2b_1.v"
  Elaborating `included source file "/home/rodrialves/MSc/8int-sum_iob-cache/cvc_timing/skywater-pdk-libs-sky130_fd_sc_hd/cells/nand2b/sky130_fd_sc_hd__nand2b.v"
  Elaborating `included source file "/home/rodrialves/MSc/8int-sum_iob-cache/cvc_timing/skywater-pdk-libs-sky130_fd_sc_hd/cells/nand2b/sky130_fd_sc_hd__nand2b.behavioral.v"
Elaborating source file "/home/rodrialves/MSc/8int-sum_iob-cache/cvc_timing/skywater-pdk-libs-sky130_fd_sc_hd/cells/o211a/sky130_fd_sc_hd__o211a_1.v"
  Elaborating `included source file "/home/rodrialves/MSc/8int-sum_iob-cache/cvc_timing/skywater-pdk-libs-sky130_fd_sc_hd/cells/o211a/sky130_fd_sc_hd__o211a.v"
  Elaborating `included source file "/home/rodrialves/MSc/8int-sum_iob-cache/cvc_timing/skywater-pdk-libs-sky130_fd_sc_hd/cells/o211a/sky130_fd_sc_hd__o211a.behavioral.v"
Elaborating source file "/home/rodrialves/MSc/8int-sum_iob-cache/cvc_timing/skywater-pdk-libs-sky130_fd_sc_hd/cells/or3/sky130_fd_sc_hd__or3_1.v"
  Elaborating `included source file "/home/rodrialves/MSc/8int-sum_iob-cache/cvc_timing/skywater-pdk-libs-sky130_fd_sc_hd/cells/or3/sky130_fd_sc_hd__or3.v"
  Elaborating `included source file "/home/rodrialves/MSc/8int-sum_iob-cache/cvc_timing/skywater-pdk-libs-sky130_fd_sc_hd/cells/or3/sky130_fd_sc_hd__or3.behavioral.v"
Elaborating source file "/home/rodrialves/MSc/8int-sum_iob-cache/cvc_timing/skywater-pdk-libs-sky130_fd_sc_hd/cells/o311a/sky130_fd_sc_hd__o311a_1.v"
  Elaborating `included source file "/home/rodrialves/MSc/8int-sum_iob-cache/cvc_timing/skywater-pdk-libs-sky130_fd_sc_hd/cells/o311a/sky130_fd_sc_hd__o311a.v"
  Elaborating `included source file "/home/rodrialves/MSc/8int-sum_iob-cache/cvc_timing/skywater-pdk-libs-sky130_fd_sc_hd/cells/o311a/sky130_fd_sc_hd__o311a.behavioral.v"
Elaborating source file "/home/rodrialves/MSc/8int-sum_iob-cache/cvc_timing/skywater-pdk-libs-sky130_fd_sc_hd/cells/a31oi/sky130_fd_sc_hd__a31oi_1.v"
  Elaborating `included source file "/home/rodrialves/MSc/8int-sum_iob-cache/cvc_timing/skywater-pdk-libs-sky130_fd_sc_hd/cells/a31oi/sky130_fd_sc_hd__a31oi.v"
  Elaborating `included source file "/home/rodrialves/MSc/8int-sum_iob-cache/cvc_timing/skywater-pdk-libs-sky130_fd_sc_hd/cells/a31oi/sky130_fd_sc_hd__a31oi.behavioral.v"
Elaborating source file "/home/rodrialves/MSc/8int-sum_iob-cache/cvc_timing/skywater-pdk-libs-sky130_fd_sc_hd/cells/o21ai/sky130_fd_sc_hd__o21ai_1.v"
  Elaborating `included source file "/home/rodrialves/MSc/8int-sum_iob-cache/cvc_timing/skywater-pdk-libs-sky130_fd_sc_hd/cells/o21ai/sky130_fd_sc_hd__o21ai.v"
  Elaborating `included source file "/home/rodrialves/MSc/8int-sum_iob-cache/cvc_timing/skywater-pdk-libs-sky130_fd_sc_hd/cells/o21ai/sky130_fd_sc_hd__o21ai.behavioral.v"
Elaborating source file "/home/rodrialves/MSc/8int-sum_iob-cache/cvc_timing/skywater-pdk-libs-sky130_fd_sc_hd/cells/a31o/sky130_fd_sc_hd__a31o_1.v"
  Elaborating `included source file "/home/rodrialves/MSc/8int-sum_iob-cache/cvc_timing/skywater-pdk-libs-sky130_fd_sc_hd/cells/a31o/sky130_fd_sc_hd__a31o.v"
  Elaborating `included source file "/home/rodrialves/MSc/8int-sum_iob-cache/cvc_timing/skywater-pdk-libs-sky130_fd_sc_hd/cells/a31o/sky130_fd_sc_hd__a31o.behavioral.v"
Elaborating source file "/home/rodrialves/MSc/8int-sum_iob-cache/cvc_timing/skywater-pdk-libs-sky130_fd_sc_hd/cells/o31a/sky130_fd_sc_hd__o31a_1.v"
  Elaborating `included source file "/home/rodrialves/MSc/8int-sum_iob-cache/cvc_timing/skywater-pdk-libs-sky130_fd_sc_hd/cells/o31a/sky130_fd_sc_hd__o31a.v"
  Elaborating `included source file "/home/rodrialves/MSc/8int-sum_iob-cache/cvc_timing/skywater-pdk-libs-sky130_fd_sc_hd/cells/o31a/sky130_fd_sc_hd__o31a.behavioral.v"
Elaborating source file "/home/rodrialves/MSc/8int-sum_iob-cache/cvc_timing/skywater-pdk-libs-sky130_fd_sc_hd/cells/mux2/sky130_fd_sc_hd__mux2_1.v"
  Elaborating `included source file "/home/rodrialves/MSc/8int-sum_iob-cache/cvc_timing/skywater-pdk-libs-sky130_fd_sc_hd/cells/mux2/sky130_fd_sc_hd__mux2.v"
  Elaborating `included source file "/home/rodrialves/MSc/8int-sum_iob-cache/cvc_timing/skywater-pdk-libs-sky130_fd_sc_hd/cells/mux2/sky130_fd_sc_hd__mux2.behavioral.v"
  Elaborating `included source file "/home/rodrialves/MSc/8int-sum_iob-cache/cvc_timing/skywater-pdk-libs-sky130_fd_sc_hd/cells/a2111o/../../models/udp_mux_2to1/sky130_fd_sc_hd__udp_mux_2to1.v"
Elaborating source file "/home/rodrialves/MSc/8int-sum_iob-cache/cvc_timing/skywater-pdk-libs-sky130_fd_sc_hd/cells/dfrtp/sky130_fd_sc_hd__dfrtp_1.v"
  Elaborating `included source file "/home/rodrialves/MSc/8int-sum_iob-cache/cvc_timing/skywater-pdk-libs-sky130_fd_sc_hd/cells/dfrtp/sky130_fd_sc_hd__dfrtp.v"
  Elaborating `included source file "/home/rodrialves/MSc/8int-sum_iob-cache/cvc_timing/skywater-pdk-libs-sky130_fd_sc_hd/cells/dfrtp/sky130_fd_sc_hd__dfrtp.behavioral.v"
  Elaborating `included source file "/home/rodrialves/MSc/8int-sum_iob-cache/cvc_timing/skywater-pdk-libs-sky130_fd_sc_hd/cells/a2111o/../../models/udp_dff_pr_pp_pg_n/sky130_fd_sc_hd__udp_dff_pr_pp_pg_n.v"
Elaborating source file "/home/rodrialves/MSc/8int-sum_iob-cache/cvc_timing/skywater-pdk-libs-sky130_fd_sc_hd/cells/conb/sky130_fd_sc_hd__conb_1.v"
  Elaborating `included source file "/home/rodrialves/MSc/8int-sum_iob-cache/cvc_timing/skywater-pdk-libs-sky130_fd_sc_hd/cells/conb/sky130_fd_sc_hd__conb.v"
  Elaborating `included source file "/home/rodrialves/MSc/8int-sum_iob-cache/cvc_timing/skywater-pdk-libs-sky130_fd_sc_hd/cells/conb/sky130_fd_sc_hd__conb.behavioral.v"
Elaborating source file "/home/rodrialves/MSc/8int-sum_iob-cache/cvc_timing/skywater-pdk-libs-sky130_fd_sc_hd/cells/clkbuf/sky130_fd_sc_hd__clkbuf_16.v"
  Elaborating `included source file "/home/rodrialves/MSc/8int-sum_iob-cache/cvc_timing/skywater-pdk-libs-sky130_fd_sc_hd/cells/clkbuf/sky130_fd_sc_hd__clkbuf.v"
  Elaborating `included source file "/home/rodrialves/MSc/8int-sum_iob-cache/cvc_timing/skywater-pdk-libs-sky130_fd_sc_hd/cells/clkbuf/sky130_fd_sc_hd__clkbuf.behavioral.v"
Elaborating source file "/home/rodrialves/MSc/8int-sum_iob-cache/cvc_timing/skywater-pdk-libs-sky130_fd_sc_hd/cells/decap/sky130_fd_sc_hd__decap_3.v"
  Elaborating `included source file "/home/rodrialves/MSc/8int-sum_iob-cache/cvc_timing/skywater-pdk-libs-sky130_fd_sc_hd/cells/decap/sky130_fd_sc_hd__decap.v"
  Elaborating `included source file "/home/rodrialves/MSc/8int-sum_iob-cache/cvc_timing/skywater-pdk-libs-sky130_fd_sc_hd/cells/decap/sky130_fd_sc_hd__decap.behavioral.v"
Elaborating source file "/home/rodrialves/MSc/8int-sum_iob-cache/cvc_timing/skywater-pdk-libs-sky130_fd_sc_hd/cells/tapvpwrvgnd/sky130_fd_sc_hd__tapvpwrvgnd_1.v"
  Elaborating `included source file "/home/rodrialves/MSc/8int-sum_iob-cache/cvc_timing/skywater-pdk-libs-sky130_fd_sc_hd/cells/tapvpwrvgnd/sky130_fd_sc_hd__tapvpwrvgnd.v"
  Elaborating `included source file "/home/rodrialves/MSc/8int-sum_iob-cache/cvc_timing/skywater-pdk-libs-sky130_fd_sc_hd/cells/tapvpwrvgnd/sky130_fd_sc_hd__tapvpwrvgnd.behavioral.v"
Elaborating source file "/home/rodrialves/MSc/8int-sum_iob-cache/cvc_timing/skywater-pdk-libs-sky130_fd_sc_hd/cells/clkbuf/sky130_fd_sc_hd__clkbuf_1.v"
  Elaborating `included source file "/home/rodrialves/MSc/8int-sum_iob-cache/cvc_timing/skywater-pdk-libs-sky130_fd_sc_hd/cells/clkbuf/sky130_fd_sc_hd__clkbuf.v"
Elaborating source file "/home/rodrialves/MSc/8int-sum_iob-cache/cvc_timing/skywater-pdk-libs-sky130_fd_sc_hd/cells/buf/sky130_fd_sc_hd__buf_2.v"
  Elaborating `included source file "/home/rodrialves/MSc/8int-sum_iob-cache/cvc_timing/skywater-pdk-libs-sky130_fd_sc_hd/cells/buf/sky130_fd_sc_hd__buf.v"
  Elaborating `included source file "/home/rodrialves/MSc/8int-sum_iob-cache/cvc_timing/skywater-pdk-libs-sky130_fd_sc_hd/cells/buf/sky130_fd_sc_hd__buf.behavioral.v"
Elaborating source file "/home/rodrialves/MSc/8int-sum_iob-cache/cvc_timing/skywater-pdk-libs-sky130_fd_sc_hd/cells/clkbuf/sky130_fd_sc_hd__clkbuf_2.v"
  Elaborating `included source file "/home/rodrialves/MSc/8int-sum_iob-cache/cvc_timing/skywater-pdk-libs-sky130_fd_sc_hd/cells/clkbuf/sky130_fd_sc_hd__clkbuf.v"
Elaborating source file "/home/rodrialves/MSc/8int-sum_iob-cache/cvc_timing/skywater-pdk-libs-sky130_fd_sc_hd/cells/buf/sky130_fd_sc_hd__buf_4.v"
  Elaborating `included source file "/home/rodrialves/MSc/8int-sum_iob-cache/cvc_timing/skywater-pdk-libs-sky130_fd_sc_hd/cells/buf/sky130_fd_sc_hd__buf.v"
Elaborating source file "/home/rodrialves/MSc/8int-sum_iob-cache/cvc_timing/skywater-pdk-libs-sky130_fd_sc_hd/cells/clkbuf/sky130_fd_sc_hd__clkbuf_8.v"
  Elaborating `included source file "/home/rodrialves/MSc/8int-sum_iob-cache/cvc_timing/skywater-pdk-libs-sky130_fd_sc_hd/cells/clkbuf/sky130_fd_sc_hd__clkbuf.v"
Elaborating source file "/home/rodrialves/MSc/8int-sum_iob-cache/cvc_timing/skywater-pdk-libs-sky130_fd_sc_hd/cells/dlygate4sd3/sky130_fd_sc_hd__dlygate4sd3_1.v"
  Elaborating `included source file "/home/rodrialves/MSc/8int-sum_iob-cache/cvc_timing/skywater-pdk-libs-sky130_fd_sc_hd/cells/dlygate4sd3/sky130_fd_sc_hd__dlygate4sd3.v"
  Elaborating `included source file "/home/rodrialves/MSc/8int-sum_iob-cache/cvc_timing/skywater-pdk-libs-sky130_fd_sc_hd/cells/dlygate4sd3/sky130_fd_sc_hd__dlygate4sd3.behavioral.v"
Elaborating source file "/home/rodrialves/MSc/8int-sum_iob-cache/cvc_timing/skywater-pdk-libs-sky130_fd_sc_hd/cells/decap/sky130_fd_sc_hd__decap_4.v"
  Elaborating `included source file "/home/rodrialves/MSc/8int-sum_iob-cache/cvc_timing/skywater-pdk-libs-sky130_fd_sc_hd/cells/decap/sky130_fd_sc_hd__decap.v"
Elaborating source file "/home/rodrialves/MSc/8int-sum_iob-cache/cvc_timing/skywater-pdk-libs-sky130_fd_sc_hd/cells/fill/sky130_fd_sc_hd__fill_1.v"
  Elaborating `included source file "/home/rodrialves/MSc/8int-sum_iob-cache/cvc_timing/skywater-pdk-libs-sky130_fd_sc_hd/cells/fill/sky130_fd_sc_hd__fill.v"
  Elaborating `included source file "/home/rodrialves/MSc/8int-sum_iob-cache/cvc_timing/skywater-pdk-libs-sky130_fd_sc_hd/cells/fill/sky130_fd_sc_hd__fill.behavioral.v"
Elaborating source file "/home/rodrialves/MSc/8int-sum_iob-cache/cvc_timing/skywater-pdk-libs-sky130_fd_sc_hd/cells/fill/sky130_fd_sc_hd__fill_2.v"
  Elaborating `included source file "/home/rodrialves/MSc/8int-sum_iob-cache/cvc_timing/skywater-pdk-libs-sky130_fd_sc_hd/cells/fill/sky130_fd_sc_hd__fill.v"
Elaborating source file "/home/rodrialves/MSc/8int-sum_iob-cache/cvc_timing/skywater-pdk-libs-sky130_fd_sc_hd/cells/decap/sky130_fd_sc_hd__decap_8.v"
  Elaborating `included source file "/home/rodrialves/MSc/8int-sum_iob-cache/cvc_timing/skywater-pdk-libs-sky130_fd_sc_hd/cells/decap/sky130_fd_sc_hd__decap.v"
Elaborating source file "/home/rodrialves/MSc/8int-sum_iob-cache/cvc_timing/skywater-pdk-libs-sky130_fd_sc_hd/cells/decap/sky130_fd_sc_hd__decap_12.v"
  Elaborating `included source file "/home/rodrialves/MSc/8int-sum_iob-cache/cvc_timing/skywater-pdk-libs-sky130_fd_sc_hd/cells/decap/sky130_fd_sc_hd__decap.v"
Elaborating source file "/home/rodrialves/MSc/8int-sum_iob-cache/cvc_timing/skywater-pdk-libs-sky130_fd_sc_hd/cells/decap/sky130_fd_sc_hd__decap_6.v"
  Elaborating `included source file "/home/rodrialves/MSc/8int-sum_iob-cache/cvc_timing/skywater-pdk-libs-sky130_fd_sc_hd/cells/decap/sky130_fd_sc_hd__decap.v"
Elaborating source file "/home/rodrialves/MSc/8int-sum_iob-cache/cvc_timing/skywater-pdk-libs-sky130_fd_sc_hd/cells/inv/sky130_fd_sc_hd__inv_2.v"
  Elaborating `included source file "/home/rodrialves/MSc/8int-sum_iob-cache/cvc_timing/skywater-pdk-libs-sky130_fd_sc_hd/cells/inv/sky130_fd_sc_hd__inv.v"
  Elaborating `included source file "/home/rodrialves/MSc/8int-sum_iob-cache/cvc_timing/skywater-pdk-libs-sky130_fd_sc_hd/cells/inv/sky130_fd_sc_hd__inv.behavioral.v"
Elaborating source file "/home/rodrialves/MSc/8int-sum_iob-cache/cvc_timing/skywater-pdk-libs-sky130_fd_sc_hd/cells/buf/sky130_fd_sc_hd__buf_1.v"
  Elaborating `included source file "/home/rodrialves/MSc/8int-sum_iob-cache/cvc_timing/skywater-pdk-libs-sky130_fd_sc_hd/cells/buf/sky130_fd_sc_hd__buf.v"
Elaborating source file "4num-sum_tb.v"
  Elaborating `included source file "../constants.vh"
Elaborating source file "accelerator.nl.v"
  Begin Elaboration pass 2:
  Approximately 2514208 bytes storage allocated (excluding udps).
Unresolved modules or udps:
  sky130_ef_sc_hd__decap_12

  1 modules or udps unresolved after library processing - cannot continue.
  Unable to begin simulation.
End of OSS_CVC_7.00b-x86_64-rhel6x at Tue May 27 11:30:10 2025 (elapsed 0.0 seconds).
